<?xml version="1.0" encoding="UTF-8"?>
<!-- Generated by org.testng.reporters.JUnitReportReporter -->
<testsuite hostname="DESKTOP-288NJ7F" failures="0" tests="1" name="sample.practice1" time="0.012" errors="0" timestamp="2024-11-15T09:59:28 IST" skipped="0">
  <testcase classname="sample.practice1" name="Sample" time="0.012"/>
</testsuite> <!-- sample.practice1 -->
